#
# A fatal error has been detected by the Java Runtime Environment:
#
#  Internal Error (javaClasses.cpp:129), pid=14792, tid=16824
#  fatal error: Invalid layout of preloaded class
#
# JRE version: 7.0_15-b03
# Java VM: Java HotSpot(TM) Client VM (23.7-b01 mixed mode windows-x86 )
# Failed to write core dump. Minidumps are not enabled by default on client versions of Windows
#
# If you would like to submit a bug report, please visit:
#   http://bugreport.sun.com/bugreport/crash.jsp
#

---------------  T H R E A D  ---------------

Current thread (0x0027b400):  JavaThread "Unknown thread" [_thread_in_vm, id=16824, stack(0x01320000,0x01370000)]

Stack: [0x01320000,0x01370000],  sp=0x0136f97c,  free space=318k
Native frames: (J=compiled Java code, j=interpreted, Vv=VM code, C=native code)
V  [jvm.dll+0x16f261]
V  [jvm.dll+0x1693d6]
V  [jvm.dll+0x2079f]
V  [jvm.dll+0x20826]
V  [jvm.dll+0x2e5bd]
V  [jvm.dll+0x2e869]
V  [jvm.dll+0x77ba1]
V  [jvm.dll+0x77f5b]
V  [jvm.dll+0x1290e1]
V  [jvm.dll+0x149b3a]
V  [jvm.dll+0xa98df]
C  [javaw.exe+0x13ca]
C  [javaw.exe+0x1e3c]
C  [javaw.exe+0xa5a1]
C  [javaw.exe+0xa62b]
C  [kernel32.dll+0x4ed5c]  BaseThreadInitThunk+0x12
C  [ntdll.dll+0x637f5]  RtlInitializeExceptionChain+0xef
C  [ntdll.dll+0x637c8]  RtlInitializeExceptionChain+0xc2


---------------  P R O C E S S  ---------------

Java Threads: ( => current thread )

Other Threads:

=>0x0027b400 (exited) JavaThread "Unknown thread" [_thread_in_vm, id=16824, stack(0x01320000,0x01370000)]

VM state:not at safepoint (not fully initialized)

VM Mutex/Monitor currently owned by a thread: None

GC Heap History (0 events):
No events

Deoptimization events (0 events):
No events

Internal exceptions (0 events):
No events

Events (10 events):
Event: 1.788 loading class 0x01176af8 done
Event: 1.789 loading class 0x0027fdb0 done
Event: 1.789 loading class 0x0027fd88
Event: 1.789 loading class 0x011e88a0
Event: 1.789 loading class 0x011e88a0 done
Event: 1.789 loading class 0x011e88d8
Event: 1.825 loading class 0x011e88d8 done
Event: 1.825 loading class 0x011de688
Event: 1.825 loading class 0x011de688 done
Event: 1.825 loading class 0x0027fd88 done


Dynamic libraries:
0x01290000 - 0x012bf000 	C:\Program Files\Java\jre7\bin\javaw.exe
0x77840000 - 0x7797c000 	C:\Windows\SYSTEM32\ntdll.dll
0x76a60000 - 0x76b34000 	C:\Windows\system32\kernel32.dll
0x75b50000 - 0x75b9b000 	C:\Windows\system32\KERNELBASE.dll
0x760f0000 - 0x76190000 	C:\Windows\system32\ADVAPI32.dll
0x76b40000 - 0x76bec000 	C:\Windows\system32\msvcrt.dll
0x75c10000 - 0x75c29000 	C:\Windows\SYSTEM32\sechost.dll
0x761e0000 - 0x76282000 	C:\Windows\system32\RPCRT4.dll
0x76650000 - 0x76719000 	C:\Windows\system32\USER32.dll
0x779e0000 - 0x77a2e000 	C:\Windows\system32\GDI32.dll
0x779d0000 - 0x779da000 	C:\Windows\system32\LPK.dll
0x75c30000 - 0x75ccd000 	C:\Windows\system32\USP10.dll
0x74630000 - 0x747ce000 	C:\Windows\WinSxS\x86_microsoft.windows.common-controls_6595b64144ccf1df_6.0.7601.17514_none_41e6975e2bd6f2b2\COMCTL32.dll
0x76720000 - 0x76777000 	C:\Windows\system32\SHLWAPI.dll
0x761c0000 - 0x761df000 	C:\Windows\system32\IMM32.DLL
0x76890000 - 0x7695c000 	C:\Windows\system32\MSCTF.dll
0x600e0000 - 0x6019e000 	C:\Program Files\Java\jre7\bin\msvcr100.dll
0x5f010000 - 0x5f35c000 	C:\Program Files\Java\jre7\bin\client\jvm.dll
0x70160000 - 0x70167000 	C:\Windows\system32\WSOCK32.dll
0x77a30000 - 0x77a65000 	C:\Windows\system32\WS2_32.dll
0x779c0000 - 0x779c6000 	C:\Windows\system32\NSI.dll
0x75bd0000 - 0x75c02000 	C:\Windows\system32\WINMM.dll
0x779a0000 - 0x779a5000 	C:\Windows\system32\PSAPI.DLL
0x74a90000 - 0x74a9c000 	C:\Program Files\Java\jre7\bin\verify.dll
0x73980000 - 0x739a0000 	C:\Program Files\Java\jre7\bin\java.dll
0x739a0000 - 0x739b3000 	C:\Program Files\Java\jre7\bin\zip.dll
0x66320000 - 0x6640b000 	C:\Windows\system32\dbghelp.dll

VM Arguments:
jvm_args: -Dfile.encoding=UTF-8 -Xbootclasspath:C:\Program Files\Android\android-sdk\platforms\android-15\android.jar 
java_command: com.jun.xiaoquren.http.JsonTest
Launcher Type: SUN_STANDARD

Environment Variables:
JAVA_HOME=C:\Program Files\Java\jdk1.7.0_15
PATH=C:/Program Files/Java/jre7/bin/client;C:/Program Files/Java/jre7/bin;C:/Program Files/Java/jre7/lib/i386;C:\Windows\system32;C:\Windows;C:\Windows\System32\Wbem;C:\Windows\System32\WindowsPowerShell\v1.0\;C:\Program Files\ATI Technologies\ATI.ACE\Core-Static;C:\Program Files\Java\jdk1.7.0_15\bin;D:\littleworks\env\apache-maven-3.2.1\bin;C:\Program Files\TortoiseGit\bin;D:\littleworks\junworkspace\monitoragent\Agent\libdll;C:\Program Files\TortoiseSVN\bin;D:\androiddev\apache-ant-1.9.4\bin;C:\Program Files\Android\android-sdk\tools;C:\Program Files\Android\android-sdk\platform-tools;c:\jruby-1.7.12\bin;D:\androiddev\adt-bundle-windows-x86-20140702\eclipse;
USERNAME=Administrator
OS=Windows_NT
PROCESSOR_IDENTIFIER=x86 Family 6 Model 23 Stepping 10, GenuineIntel



---------------  S Y S T E M  ---------------

OS: Windows 7 Build 7601 Service Pack 1

CPU:total 2 (2 cores per cpu, 1 threads per core) family 6 model 23 stepping 10, cmov, cx8, fxsr, mmx, sse, sse2, sse3, ssse3, sse4.1, tsc

Memory: 4k page, physical 3109748k(1010220k free), swap 6217740k(2494852k free)

vm_info: Java HotSpot(TM) Client VM (23.7-b01) for windows-x86 JRE (1.7.0_15-b03), built on Feb 15 2013 14:01:25 by "java_re" with unknown MS VC++:1600

time: Sun Dec 14 21:04:54 2014
elapsed time: 2 seconds

